#-----------------------------------------------------------
# Vivado v2017.4 (64-bit)
# SW Build 2086221 on Fri Dec 15 20:54:30 MST 2017
# IP Build 2085800 on Fri Dec 15 22:25:07 MST 2017
# Start of session at: Sat Nov 24 16:02:01 2018
# Process ID: 2866
# Current directory: /home/yao/snap_lab/snap/actions/hdl_rsa/hw
# Command line: vivado -mode batch -source /home/yao/snap_lab/snap/actions/hdl_rsa/ip/create_action_ip.tcl -notrace -nojournal -tclargs /home/yao/snap_lab/snap/actions/hdl_rsa xcvu9p-flgb2104-2l-e
# Log file: /home/yao/snap_lab/snap/actions/hdl_rsa/hw/vivado.log
# Journal file: 
#-----------------------------------------------------------
source /home/yao/snap_lab/snap/actions/hdl_rsa/ip/create_action_ip.tcl -notrace
[CREATE_ACTION_IPs..........] start 16:02:22 Sat Nov 24/ 2018
                        FPGACHIP = xcvu9p-flgb2104-2l-e
                        ACTION_ROOT = /home/yao/snap_lab/snap/actions/hdl_rsa
                        Creating IP in /home/yao/snap_lab/snap/actions/hdl_rsa/ip/action_ip_prj/action_ip_prj.srcs/sources_1/ip
                        Generating fifo_sync_32_512i512o ......
INFO: [IP_Flow 19-234] Refreshing IP repositories
INFO: [IP_Flow 19-1704] No user IP repositories specified
INFO: [IP_Flow 19-2313] Loaded Vivado IP repository '/opt/Xilinx/Vivado/2017.4/data/ip'.
create_ip: Time (s): cpu = 00:00:06 ; elapsed = 00:00:15 . Memory (MB): peak = 1461.684 ; gain = 279.719 ; free physical = 5190 ; free virtual = 14936
INFO: [IP_Flow 19-1686] Generating 'Instantiation Template' target for IP 'fifo_sync_32_512i512o'...
INFO: [IP_Flow 19-1686] Generating 'Synthesis' target for IP 'fifo_sync_32_512i512o'...
INFO: [IP_Flow 19-1686] Generating 'Simulation' target for IP 'fifo_sync_32_512i512o'...
INFO: [IP_Flow 19-1686] Generating 'Change Log' target for IP 'fifo_sync_32_512i512o'...
[CREATE_ACTION_IPs..........] done  16:02:40 Sat Nov 24 2018
INFO: [Common 17-206] Exiting Vivado at Sat Nov 24 16:02:40 2018...
